0 info it worked if it ends with ok
1 verbose cli [ '/Users/alexpatch/.nvm/versions/node/v5.10.1/bin/node',
1 verbose cli   '/Users/alexpatch/.nvm/versions/node/v5.10.1/bin/npm',
1 verbose cli   'run',
1 verbose cli   'lint' ]
2 info using npm@3.8.3
3 info using node@v5.10.1
4 verbose run-script [ 'prelint', 'lint', 'postlint' ]
5 info lifecycle sg-react@1.0.0~prelint: sg-react@1.0.0
6 silly lifecycle sg-react@1.0.0~prelint: no script for prelint, continuing
7 info lifecycle sg-react@1.0.0~lint: sg-react@1.0.0
8 verbose lifecycle sg-react@1.0.0~lint: unsafe-perm in lifecycle true
9 verbose lifecycle sg-react@1.0.0~lint: PATH: /Users/alexpatch/.nvm/versions/node/v5.10.1/lib/node_modules/npm/bin/node-gyp-bin:/Users/alexpatch/Documents/Coding/Codesmith/SG-React/node_modules/.bin:/Users/alexpatch/.nvm/versions/node/v5.10.1/bin:/Users/alexpatch/.nvm/versions/node/v5.10.1/bin:“/Library/Frameworks/Python.framework/Versions/3.4/bin:/usr/local/bin:/usr/bin:/bin:/usr/sbin:/sbin:/opt/X11/bin”
10 verbose lifecycle sg-react@1.0.0~lint: CWD: /Users/alexpatch/Documents/Coding/Codesmith/SG-React
11 silly lifecycle sg-react@1.0.0~lint: Args: [ '-c',
11 silly lifecycle   'eslint client/src/*.jsx && eslint client/src/components/*.jsx' ]
12 silly lifecycle sg-react@1.0.0~lint: Returned: code: 1  signal: null
13 info lifecycle sg-react@1.0.0~lint: Failed to exec lint script
14 verbose stack Error: sg-react@1.0.0 lint: `eslint client/src/*.jsx && eslint client/src/components/*.jsx`
14 verbose stack Exit status 1
14 verbose stack     at EventEmitter.<anonymous> (/Users/alexpatch/.nvm/versions/node/v5.10.1/lib/node_modules/npm/lib/utils/lifecycle.js:239:16)
14 verbose stack     at emitTwo (events.js:100:13)
14 verbose stack     at EventEmitter.emit (events.js:185:7)
14 verbose stack     at ChildProcess.<anonymous> (/Users/alexpatch/.nvm/versions/node/v5.10.1/lib/node_modules/npm/lib/utils/spawn.js:24:14)
14 verbose stack     at emitTwo (events.js:100:13)
14 verbose stack     at ChildProcess.emit (events.js:185:7)
14 verbose stack     at maybeClose (internal/child_process.js:850:16)
14 verbose stack     at Process.ChildProcess._handle.onexit (internal/child_process.js:215:5)
15 verbose pkgid sg-react@1.0.0
16 verbose cwd /Users/alexpatch/Documents/Coding/Codesmith/SG-React
17 error Darwin 15.3.0
18 error argv "/Users/alexpatch/.nvm/versions/node/v5.10.1/bin/node" "/Users/alexpatch/.nvm/versions/node/v5.10.1/bin/npm" "run" "lint"
19 error node v5.10.1
20 error npm  v3.8.3
21 error code ELIFECYCLE
22 error sg-react@1.0.0 lint: `eslint client/src/*.jsx && eslint client/src/components/*.jsx`
22 error Exit status 1
23 error Failed at the sg-react@1.0.0 lint script 'eslint client/src/*.jsx && eslint client/src/components/*.jsx'.
23 error Make sure you have the latest version of node.js and npm installed.
23 error If you do, this is most likely a problem with the sg-react package,
23 error not with npm itself.
23 error Tell the author that this fails on your system:
23 error     eslint client/src/*.jsx && eslint client/src/components/*.jsx
23 error You can get information on how to open an issue for this project with:
23 error     npm bugs sg-react
23 error Or if that isn't available, you can get their info via:
23 error     npm owner ls sg-react
23 error There is likely additional logging output above.
24 verbose exit [ 1, true ]
